<?xml version="1.0" encoding="UTF-8"?>
<!-- Generated by org.testng.reporters.JUnitReportReporter -->
<testsuite hostname="DESKTOP-2GSNRQQ" failures="0" tests="1" name="com.qa.testlayer.Verify_DashBoard" time="6.639" errors="0" timestamp="2022-06-30T14:26:55 IST" skipped="0">
  <testcase classname="com.qa.testlayer.Verify_DashBoard" name="verify_dashboard" time="6.639"/>
  <system-out/>
</testsuite> <!-- com.qa.testlayer.Verify_DashBoard -->
