<?xml version="1.0" encoding="UTF-8"?>
<!-- Generated by org.testng.reporters.JUnitReportReporter -->
<testsuite hostname="DESKTOP-2GSNRQQ" failures="0" tests="2" name="com.qa.testlayer.TC_Verify_DashBoard" time="8.801" errors="0" timestamp="2022-07-04T18:53:00 IST" skipped="0">
  <testcase classname="com.qa.testlayer.TC_Verify_DashBoard" name="verify_dashboard" time="4.468"/>
  <system-out/>
  <testcase classname="com.qa.testlayer.TC_Verify_DashBoard" name="setup" time="4.333"/>
  <system-out/>
</testsuite> <!-- com.qa.testlayer.TC_Verify_DashBoard -->
