<?xml version="1.0" encoding="UTF-8"?>
<!-- Generated by org.testng.reporters.JUnitReportReporter -->
<testsuite hostname="DESKTOP-2GSNRQQ" failures="0" tests="2" name="com.qa.testlayer.TC_Verify_Add_Tenanat" time="17.060" errors="0" timestamp="2022-07-04T18:53:00 IST" skipped="0">
  <testcase classname="com.qa.testlayer.TC_Verify_Add_Tenanat" name="verify_add_tenanat" time="12.620"/>
  <system-out/>
  <testcase classname="com.qa.testlayer.TC_Verify_Add_Tenanat" name="setup" time="4.440"/>
  <system-out/>
</testsuite> <!-- com.qa.testlayer.TC_Verify_Add_Tenanat -->
