<?xml version="1.0" encoding="UTF-8"?>
<!-- Generated by org.testng.reporters.JUnitReportReporter -->
<testsuite hostname="DESKTOP-2GSNRQQ" failures="0" tests="1" name="TC_Tenant_Master.TC_Tenant_Master" time="24.608" errors="0" timestamp="2022-11-22T11:49:29 IST" skipped="0">
  <testcase classname="TC_Tenant_Master.TC_Tenant_Master" name="TC_64_65" time="24.608"/>
  <system-out/>
</testsuite> <!-- TC_Tenant_Master.TC_Tenant_Master -->
