<?xml version="1.0" encoding="UTF-8"?>
<!-- Generated by org.testng.reporters.JUnitReportReporter -->
<testsuite hostname="DESKTOP-2GSNRQQ" failures="0" tests="2" name="com.qa.testlayer.TC_Verify_user_Master_Add_user" time="10.748" errors="0" timestamp="2022-07-05T10:10:19 IST" skipped="0">
  <testcase classname="com.qa.testlayer.TC_Verify_user_Master_Add_user" name="verify_user_master_add_user" time="6.522"/>
  <system-out/>
  <testcase classname="com.qa.testlayer.TC_Verify_user_Master_Add_user" name="setup" time="4.226"/>
  <system-out/>
</testsuite> <!-- com.qa.testlayer.TC_Verify_user_Master_Add_user -->
