<?xml version="1.0" encoding="UTF-8"?>
<!-- Generated by org.testng.reporters.JUnitReportReporter -->
<testsuite hostname="DESKTOP-2GSNRQQ" failures="0" tests="2" name="com.qa.testlayer.Verify_user_Master_Add_user" time="12.704" errors="0" timestamp="2022-07-01T11:23:33 IST" skipped="0">
  <testcase classname="com.qa.testlayer.Verify_user_Master_Add_user" name="setup" time="7.052"/>
  <system-out/>
  <testcase classname="com.qa.testlayer.Verify_user_Master_Add_user" name="verify_user_master_add_user" time="5.652"/>
  <system-out/>
</testsuite> <!-- com.qa.testlayer.Verify_user_Master_Add_user -->
