<?xml version="1.0" encoding="UTF-8"?>
<!-- Generated by org.testng.reporters.JUnitReportReporter -->
<testsuite hostname="DESKTOP-2GSNRQQ" failures="0" tests="2" name="com.qa.testlayer.TC_verify_Tenant_master" time="16.776" errors="0" timestamp="2022-07-04T18:53:00 IST" skipped="0">
  <testcase classname="com.qa.testlayer.TC_verify_Tenant_master" name="setup" time="5.408"/>
  <system-out/>
  <testcase classname="com.qa.testlayer.TC_verify_Tenant_master" name="verify_tenant_master" time="11.368"/>
  <system-out/>
</testsuite> <!-- com.qa.testlayer.TC_verify_Tenant_master -->
