<?xml version="1.0" encoding="UTF-8"?>
<!-- Generated by org.testng.reporters.JUnitReportReporter -->
<testsuite hostname="DESKTOP-2GSNRQQ" failures="0" tests="1" name="baseclass.TestBase" time="15.363" errors="0" timestamp="2022-10-26T15:30:51 IST" skipped="0">
  <testcase classname="baseclass.TestBase" name="start" time="15.363"/>
  <system-out/>
</testsuite> <!-- baseclass.TestBase -->
