<?xml version="1.0" encoding="UTF-8"?>
<!-- Generated by org.testng.reporters.JUnitReportReporter -->
<testsuite hostname="DESKTOP-2GSNRQQ" failures="0" tests="2" name="com.qa.testlayer.TC_Verify_Master" time="8.333" errors="0" timestamp="2022-07-04T18:53:00 IST" skipped="0">
  <testcase classname="com.qa.testlayer.TC_Verify_Master" name="verify_master" time="4.160"/>
  <system-out/>
  <testcase classname="com.qa.testlayer.TC_Verify_Master" name="setup" time="4.173"/>
  <system-out/>
</testsuite> <!-- com.qa.testlayer.TC_Verify_Master -->
