<?xml version="1.0" encoding="UTF-8"?>
<!-- Generated by org.testng.reporters.JUnitReportReporter -->
<testsuite hostname="DESKTOP-2GSNRQQ" failures="0" tests="2" name="com.qa.testlayer.TC_validate_MAster" time="9.636" errors="0" timestamp="2022-10-27T17:42:04 IST" skipped="0">
  <testcase classname="com.qa.testlayer.TC_validate_MAster" name="TC_Validate_click_On_Master" time="0.007"/>
  <system-out/>
  <testcase classname="com.qa.testlayer.TC_validate_MAster" name="start" time="9.629"/>
  <system-out/>
</testsuite> <!-- com.qa.testlayer.TC_validate_MAster -->
