<?xml version="1.0" encoding="UTF-8"?>
<!-- Generated by org.testng.reporters.JUnitReportReporter -->
<testsuite hostname="DESKTOP-2GSNRQQ" failures="0" tests="2" name="TC_Dashboard.TC_Dashboards" time="32.097" errors="0" timestamp="2022-12-13T12:38:07 IST" skipped="0">
  <testcase classname="TC_Dashboard.TC_Dashboards" name="TC_31" time="4.329"/>
  <system-out/>
  <testcase classname="TC_Dashboard.TC_Dashboards" name="TC_027" time="27.768"/>
  <system-out/>
</testsuite> <!-- TC_Dashboard.TC_Dashboards -->
