<?xml version="1.0" encoding="UTF-8"?>
<!-- Generated by org.testng.reporters.JUnitReportReporter -->
<testsuite hostname="User" failures="0" tests="1" name="TC.InvoiceTC" time="6.387" errors="0" timestamp="2023-03-31T15:11:11 IST" skipped="0">
  <testcase classname="TC.InvoiceTC" name="testTitle" time="6.387"/>
  <system-out/>
</testsuite> <!-- TC.InvoiceTC -->
