<?xml version="1.0" encoding="UTF-8"?>
<!-- Generated by org.testng.reporters.JUnitReportReporter -->
<testsuite hostname="DESKTOP-2GSNRQQ" failures="0" tests="2" name="com.qa.testlayer.Home_page" time="10.558" errors="0" timestamp="2022-07-05T11:53:53 IST" skipped="0">
  <testcase classname="com.qa.testlayer.Home_page" name="setup" time="5.834"/>
  <system-out/>
  <testcase classname="com.qa.testlayer.Home_page" name="TC_verify_Mastetr" time="4.724"/>
  <system-out/>
</testsuite> <!-- com.qa.testlayer.Home_page -->
