<?xml version="1.0" encoding="UTF-8"?>
<!-- Generated by org.testng.reporters.JUnitReportReporter -->
<testsuite hostname="DESKTOP-2GSNRQQ" failures="0" tests="1" name="utilepackage.Snapshot" time="7.813" errors="0" timestamp="2022-06-29T12:52:14 IST" skipped="0">
  <testcase classname="utilepackage.Snapshot" name="start" time="7.813"/>
  <system-out/>
</testsuite> <!-- utilepackage.Snapshot -->
