<?xml version="1.0" encoding="UTF-8"?>
<!-- Generated by org.testng.reporters.JUnitReportReporter -->
<testsuite hostname="DESKTOP-2GSNRQQ" failures="0" tests="1" name="TC_Resource_planning.TC_Resource_planning" time="16.790" errors="0" timestamp="2022-11-21T16:05:45 IST" skipped="0">
  <testcase classname="TC_Resource_planning.TC_Resource_planning" name="TC_24" time="16.790"/>
  <system-out/>
</testsuite> <!-- TC_Resource_planning.TC_Resource_planning -->
