<?xml version="1.0" encoding="UTF-8"?>
<!-- Generated by org.testng.reporters.JUnitReportReporter -->
<testsuite hostname="DESKTOP-2GSNRQQ" failures="0" tests="1" name="com.qa.testlayer.TC_Verify_Project_module" time="22.339" errors="0" timestamp="2022-07-26T10:59:24 IST" skipped="0">
  <testcase classname="com.qa.testlayer.TC_Verify_Project_module" name="TC_Validate_dropdown_select_customer" time="22.339"/>
  <system-out/>
</testsuite> <!-- com.qa.testlayer.TC_Verify_Project_module -->
